  UserInput.cpp
  Scoreboard.cpp
  RandomNumberGenerator.cpp
\\mac\dropbox\uio\uio 2016\pa1\cristi pa1\2. labyrinth\labyrinth-cpp\labyrinth-cpp\randomnumber\randomnumbergenerator.cpp(9): warning C4244: 'argument': conversion from 'time_t' to 'unsigned int', possible loss of data
  Playfield.cpp
  Player.cpp
  OccupiedCell.cpp
  LabyrinthPathFinder.cpp
  Labyrinth.cpp
  Surface.cpp
  Position.cpp
  Point.cpp
  ImageProvider.cpp
  Image.cpp
  Game.cpp
  FreeCell.cpp
  Cursor.cpp
  Cell.cpp
  Generating Code...
  KPK-project.vcxproj -> \\Mac\Dropbox\UiO\UiO 2016\PA1\Cristi PA1\2. Labyrinth\Labyrinth-CPP\Labyrinth-CPP\Debug\KPK-project.exe
